<?xml version="1.0" encoding="UTF-8"?>
<!-- Generated by org.testng.reporters.JUnitReportReporter -->
<testsuite hostname="LAPTOP-OGF7ESTH" failures="0" tests="1" name="Testngprac2" time="0.003" errors="0" timestamp="2024-02-08T23:17:18 IST" skipped="0">
  <testcase classname="Testngprac2" name="Test1234" time="0.003"/>
</testsuite> <!-- Testngprac2 -->
