<?xml version="1.0" encoding="UTF-8"?>
<!-- Generated by org.testng.reporters.JUnitReportReporter -->
<testsuite hostname="LAPTOP-OGF7ESTH" failures="0" tests="1" name="Testngprac" time="0.013" errors="0" timestamp="2023-10-09T00:03:33 IST" skipped="0">
  <testcase classname="Testngprac" name="Test123" time="0.013"/>
</testsuite> <!-- Testngprac -->
