<?xml version="1.0" encoding="UTF-8"?>
<!-- Generated by org.testng.reporters.JUnitReportReporter -->
<testsuite hostname="LAPTOP-OGF7ESTH" failures="0" tests="1" name="utilityexcel" time="0.637" errors="0" timestamp="2023-10-25T22:59:32 IST" skipped="0">
  <testcase classname="utilityexcel" name="excel" time="0.637"/>
</testsuite> <!-- utilityexcel -->
