<?xml version="1.0" encoding="UTF-8"?>
<!-- Generated by org.testng.reporters.JUnitReportReporter -->
<testsuite hostname="LAPTOP-OGF7ESTH" failures="0" tests="2" name="endtoendtestcase.endtoendTC" time="23.765" errors="0" timestamp="2024-02-28T23:29:22 IST" skipped="0">
  <testcase classname="endtoendtestcase.endtoendTC" name="vegetables" time="16.361"/>
  <testcase classname="endtoendtestcase.endtoendTC" name="topDeals" time="7.404"/>
</testsuite> <!-- endtoendtestcase.endtoendTC -->
