<?xml version="1.0" encoding="UTF-8"?>
<!-- Generated by org.testng.reporters.JUnitReportReporter -->
<testsuite hostname="LAPTOP-OGF7ESTH" failures="0" tests="1" name="utilityexcel" time="1.056" errors="0" timestamp="2023-10-27T21:59:55 IST" skipped="0">
  <testcase classname="utilityexcel" name="excel" time="1.056"/>
</testsuite> <!-- utilityexcel -->
