<?xml version="1.0" encoding="UTF-8"?>
<!-- Generated by org.testng.reporters.JUnitReportReporter -->
<testsuite hostname="LAPTOP-OGF7ESTH" failures="0" tests="1" name="endtoendtestcase.endtoendTC" time="0.287" errors="0" timestamp="2024-02-24T13:02:52 IST" skipped="0">
  <testcase classname="endtoendtestcase.endtoendTC" name="vegetables" time="0.287"/>
</testsuite> <!-- endtoendtestcase.endtoendTC -->
